2025-01-16 18:54:47 [INFO ] Log - setupTest test is starting.
2025-01-16 18:54:48 [INFO ] Log - Taratıcı başlatılıyor...
2025-01-16 18:54:49 [INFO ] Log - Test is Starting...Lcw Test
2025-01-16 18:54:49 [INFO ] Log - LC Waikiki sitesine gidiliyor...
2025-01-16 18:54:52 [INFO ] Log - Tarayıcı penceresi büyütülüyor...
2025-01-16 18:54:52 [INFO ] Log - testLogin test is starting.
2025-01-16 19:36:24 [INFO ] Log - setupTest test is starting.
2025-01-16 19:36:24 [INFO ] Log - Taratıcı başlatılıyor...
2025-01-16 19:36:26 [INFO ] Log - Test is Starting...Lcw Test
2025-01-16 19:36:26 [INFO ] Log - LC Waikiki sitesine gidiliyor...
2025-01-16 19:36:29 [INFO ] Log - Tarayıcı penceresi büyütülüyor...
2025-01-16 19:36:29 [INFO ] Log - getLoginTest test is starting.
2025-01-16 19:36:31 [INFO ] Log - setHomePageTest test is starting.
2025-01-16 19:49:53 [INFO ] Log - setupTest test is starting.
2025-01-16 19:49:53 [INFO ] Log - Browser is starting up...
2025-01-16 19:49:54 [INFO ] Log - Test is Starting...Lcw Test
2025-01-16 19:49:54 [INFO ] Log - Going to LC Waikiki website...
2025-01-16 19:50:02 [INFO ] Log - Browser window is maximized...
2025-01-16 19:50:02 [INFO ] Log - testLogin test is starting.
2025-01-16 20:10:25 [INFO ] Log - setupTest test is starting.
2025-01-16 20:10:25 [INFO ] Log - Browser is starting up...
2025-01-16 20:10:26 [INFO ] Log - Test is Starting...Lcw Test
2025-01-16 20:10:26 [INFO ] Log - Going to LC Waikiki website...
2025-01-16 20:10:30 [INFO ] Log - Browser window is maximized...
2025-01-16 20:10:30 [INFO ] Log - testLogin test is starting.
2025-01-16 20:14:14 [INFO ] Log - setupTest test is starting.
2025-01-16 20:14:14 [INFO ] Log - Browser is starting up...
2025-01-16 20:14:15 [INFO ] Log - Test is Starting...Lcw Test
2025-01-16 20:14:15 [INFO ] Log - Going to LC Waikiki website...
2025-01-16 20:14:15 [INFO ] Log - Browser window is maximized...
2025-01-16 20:14:19 [INFO ] Log - testLogin test is starting.
2025-01-16 20:15:31 [INFO ] Log - setupTest test is starting.
2025-01-16 20:15:31 [INFO ] Log - Browser is starting up...
2025-01-16 20:15:32 [INFO ] Log - Test is Starting...Lcw Test
2025-01-16 20:15:32 [INFO ] Log - Going to LC Waikiki website...
2025-01-16 20:15:35 [INFO ] Log - Browser window is maximized...
2025-01-16 20:15:36 [INFO ] Log - testLogin test is starting.
2025-01-16 20:16:13 [INFO ] Log - setupTest test is starting.
2025-01-16 20:16:13 [INFO ] Log - Browser is starting up...
2025-01-16 20:16:14 [INFO ] Log - Test is Starting...Lcw Test
2025-01-16 20:16:14 [INFO ] Log - Going to LC Waikiki website...
2025-01-16 20:16:16 [INFO ] Log - Browser window is maximized...
2025-01-16 20:16:16 [INFO ] Log - testLogin test is starting.
2025-01-16 20:31:23 [INFO ] Log - Browser is starting up...
2025-01-16 20:31:24 [INFO ] Log - Test is Starting...Lcw Test
2025-01-16 20:31:24 [INFO ] Log - Going to LC Waikiki website...
2025-01-16 20:31:29 [INFO ] Log - Browser window is maximized...
2025-01-16 20:32:11 [INFO ] Log - Browser is starting up...
2025-01-16 20:32:12 [INFO ] Log - Test is Starting...Lcw Test
2025-01-16 20:32:12 [INFO ] Log - Going to LC Waikiki website...
2025-01-16 20:32:15 [INFO ] Log - Browser window is maximized...
2025-01-16 20:33:43 [INFO ] Log - Browser is starting up...
2025-01-16 20:33:44 [INFO ] Log - Test is Starting...Lcw Test
2025-01-16 20:33:44 [INFO ] Log - Going to LC Waikiki website...
2025-01-16 20:33:47 [INFO ] Log - Browser window is maximized...
2025-01-16 20:38:09 [INFO ] Log - setupTest test is starting.
2025-01-16 20:38:09 [INFO ] Log - Browser is starting up...
2025-01-16 20:38:11 [INFO ] Log - Test is Starting...Lcw Test
2025-01-16 20:38:11 [INFO ] Log - Going to LC Waikiki website...
2025-01-16 20:38:13 [INFO ] Log - Browser window is maximized...
2025-01-16 20:38:14 [INFO ] Log - getLoginTest test is starting.
2025-01-16 20:38:17 [INFO ] Log - setHomePageTest test is starting.
2025-01-16 20:38:23 [INFO ] Log - testFiltersOnProductsPage test is starting.
2025-01-16 20:38:48 [INFO ] Log - navigateToProductDetails test is starting.
2025-01-16 20:39:12 [INFO ] Log - setupTest test is starting.
2025-01-16 20:39:12 [INFO ] Log - Browser is starting up...
2025-01-16 20:39:13 [INFO ] Log - Test is Starting...Lcw Test
2025-01-16 20:39:13 [INFO ] Log - Going to LC Waikiki website...
2025-01-16 20:39:16 [INFO ] Log - Browser window is maximized...
2025-01-16 20:39:16 [INFO ] Log - getLoginTest test is starting.
2025-01-16 20:39:19 [INFO ] Log - setHomePageTest test is starting.
2025-01-16 20:39:24 [INFO ] Log - testFiltersOnProductsPage test is starting.
2025-01-16 20:40:18 [INFO ] Log - setupTest test is starting.
2025-01-16 20:40:18 [INFO ] Log - Browser is starting up...
2025-01-16 20:40:19 [INFO ] Log - Test is Starting...Lcw Test
2025-01-16 20:40:19 [INFO ] Log - Going to LC Waikiki website...
2025-01-16 20:40:21 [INFO ] Log - Browser window is maximized...
2025-01-16 20:40:21 [INFO ] Log - getLoginTest test is starting.
2025-01-16 20:40:28 [INFO ] Log - setupTest test is starting.
2025-01-16 20:40:29 [INFO ] Log - Browser is starting up...
2025-01-16 20:40:29 [INFO ] Log - Test is Starting...Lcw Test
2025-01-16 20:40:29 [INFO ] Log - Going to LC Waikiki website...
2025-01-16 20:40:31 [INFO ] Log - Browser window is maximized...
2025-01-16 20:51:40 [INFO ] Log - setupTest test is starting.
2025-01-16 20:51:40 [INFO ] Log - Browser is starting up...
2025-01-16 20:51:41 [INFO ] Log - Test is Starting...Lcw Test
2025-01-16 20:51:41 [INFO ] Log - Going to LC Waikiki website...
2025-01-16 20:51:43 [INFO ] Log - Browser window is maximized...
2025-01-16 20:51:44 [INFO ] Log - testLogin test is starting.
2025-01-16 20:52:11 [INFO ] Log - setupTest test is starting.
2025-01-16 20:52:11 [INFO ] Log - Browser is starting up...
2025-01-16 20:52:12 [INFO ] Log - Test is Starting...Lcw Test
2025-01-16 20:52:12 [INFO ] Log - Going to LC Waikiki website...
2025-01-16 20:52:14 [INFO ] Log - Browser window is maximized...
2025-01-16 20:52:15 [INFO ] Log - testLogin test is starting.
2025-01-16 20:52:59 [INFO ] Log - setupTest test is starting.
2025-01-16 20:53:00 [INFO ] Log - Browser is starting up...
2025-01-16 20:53:01 [INFO ] Log - Test is Starting...Lcw Test
2025-01-16 20:53:01 [INFO ] Log - Going to LC Waikiki website...
2025-01-16 20:53:01 [INFO ] Log - Browser window is maximized...
2025-01-16 20:53:03 [INFO ] Log - testLogin test is starting.
2025-01-16 21:11:10 [INFO ] Log - setupTest test is starting.
2025-01-16 21:11:11 [INFO ] Log - Browser is starting up...
2025-01-16 21:11:16 [INFO ] Log - Test is Starting...Lcw Test
2025-01-16 21:11:16 [INFO ] Log - Going to LC Waikiki website...
2025-01-16 21:11:20 [INFO ] Log - Browser window is maximized...
2025-01-16 21:11:20 [INFO ] Log - testLogin test is starting.
2025-01-16 21:23:48 [INFO ] Log - setupTest test is starting.
2025-01-16 21:23:48 [INFO ] Log - Browser is starting up...
2025-01-16 21:23:49 [INFO ] Log - Test is Starting...Lcw Test
2025-01-16 21:23:49 [INFO ] Log - Going to LC Waikiki website...
2025-01-16 21:23:52 [INFO ] Log - Browser window is maximized...
2025-01-16 21:23:52 [INFO ] Log - testLogin test is starting.
2025-01-16 21:31:08 [INFO ] Log - setupTest test is starting.
2025-01-16 21:31:08 [INFO ] Log - Browser is starting up...
2025-01-16 21:31:13 [INFO ] Log - Test is Starting...Lcw Test
2025-01-16 21:31:13 [INFO ] Log - Going to LC Waikiki website...
2025-01-16 21:31:17 [INFO ] Log - Browser window is maximized...
2025-01-16 21:31:18 [INFO ] Log - testLogin test is starting.
2025-01-16 21:45:54 [INFO ] Log - setupTest test is starting.
2025-01-16 21:45:54 [INFO ] Log - Browser is starting up...
2025-01-16 21:45:56 [INFO ] Log - Test is Starting...Lcw Test
2025-01-16 21:45:56 [INFO ] Log - Going to LC Waikiki website...
2025-01-16 21:45:59 [INFO ] Log - Browser window is maximized...
2025-01-16 21:46:00 [INFO ] Log - testLogin test is starting.
2025-01-16 21:46:33 [INFO ] Log - setupTest test is starting.
2025-01-16 21:46:33 [INFO ] Log - Browser is starting up...
2025-01-16 21:46:34 [INFO ] Log - Test is Starting...Lcw Test
2025-01-16 21:46:34 [INFO ] Log - Going to LC Waikiki website...
2025-01-16 21:46:36 [INFO ] Log - Browser window is maximized...
2025-01-16 21:46:37 [INFO ] Log - getLoginTest test is starting.
2025-01-16 21:46:40 [INFO ] Log - setHomePageTest test is starting.
2025-01-16 21:46:44 [INFO ] Log - testFiltersOnProductsPage test is starting.
2025-01-16 21:47:09 [INFO ] Log - navigateToProductDetails test is starting.
2025-01-16 21:54:08 [INFO ] Log - setupTest test is starting.
2025-01-16 21:54:08 [INFO ] Log - Browser is starting up...
2025-01-16 21:54:09 [INFO ] Log - Test is Starting...Lcw Test
2025-01-16 21:54:09 [INFO ] Log - Going to LC Waikiki website...
2025-01-16 21:54:12 [INFO ] Log - Browser window is maximized...
2025-01-16 21:54:12 [INFO ] Log - getLoginTest test is starting.
2025-01-16 21:54:15 [INFO ] Log - setHomePageTest test is starting.
2025-01-16 21:54:19 [INFO ] Log - testFiltersOnProductsPage test is starting.
2025-01-16 21:54:48 [INFO ] Log - setupTest test is starting.
2025-01-16 21:54:48 [INFO ] Log - Browser is starting up...
2025-01-16 21:54:49 [INFO ] Log - Test is Starting...Lcw Test
2025-01-16 21:54:49 [INFO ] Log - Going to LC Waikiki website...
2025-01-16 21:54:51 [INFO ] Log - Browser window is maximized...
2025-01-16 21:54:52 [INFO ] Log - getLoginTest test is starting.
2025-01-16 21:54:54 [INFO ] Log - setHomePageTest test is starting.
2025-01-16 21:54:58 [INFO ] Log - testFiltersOnProductsPage test is starting.
2025-01-16 21:55:23 [INFO ] Log - navigateToProductDetails test is starting.
2025-01-16 21:55:29 [INFO ] Log - verifyAddToCartButtonVisible test is starting.
2025-01-16 21:55:31 [INFO ] Log - selectAvailableSize test is starting.
2025-01-16 21:55:33 [INFO ] Log - clickAddToCart test is starting.
2025-01-16 21:55:35 [INFO ] Log - goToCart test is starting.
2025-01-16 21:55:38 [INFO ] Log - QuantityIncrement test is starting.
2025-01-16 22:04:58 [INFO ] Log - setupTest test is starting.
2025-01-16 22:04:58 [INFO ] Log - Browser is starting up...
2025-01-16 22:04:59 [INFO ] Log - Test is Starting...Lcw Test
2025-01-16 22:04:59 [INFO ] Log - Going to LC Waikiki website...
2025-01-16 22:05:01 [INFO ] Log - Browser window is maximized...
2025-01-16 22:05:02 [INFO ] Log - getLoginTest test is starting.
2025-01-16 22:05:05 [INFO ] Log - setHomePageTest test is starting.
2025-01-16 22:05:10 [INFO ] Log - testFiltersOnProductsPage test is starting.
2025-01-16 22:06:44 [INFO ] Log - setupTest test is starting.
2025-01-16 22:06:44 [INFO ] Log - Browser is starting up...
2025-01-16 22:06:45 [INFO ] Log - Test is Starting...Lcw Test
2025-01-16 22:06:45 [INFO ] Log - Going to LC Waikiki website...
2025-01-16 22:06:48 [INFO ] Log - Browser window is maximized...
2025-01-16 22:06:48 [INFO ] Log - getLoginTest test is starting.
2025-01-16 22:06:51 [INFO ] Log - setHomePageTest test is starting.
2025-01-16 22:06:56 [INFO ] Log - testFiltersOnProductsPage test is starting.
2025-01-16 22:07:21 [INFO ] Log - navigateToProductDetails test is starting.
2025-01-16 22:07:26 [INFO ] Log - verifyAddToCartButtonVisible test is starting.
2025-01-16 22:07:28 [INFO ] Log - selectAvailableSize test is starting.
2025-01-16 22:07:30 [INFO ] Log - clickAddToCart test is starting.
2025-01-16 22:07:33 [INFO ] Log - goToCart test is starting.
2025-01-16 22:07:37 [INFO ] Log - QuantityIncrement test is starting.
2025-01-16 22:09:00 [INFO ] Log - setupTest test is starting.
2025-01-16 22:09:00 [INFO ] Log - Browser is starting up...
2025-01-16 22:09:01 [INFO ] Log - Test is Starting...Lcw Test
2025-01-16 22:09:01 [INFO ] Log - Going to LC Waikiki website...
2025-01-16 22:09:05 [INFO ] Log - Browser window is maximized...
2025-01-16 22:09:05 [INFO ] Log - getLoginTest test is starting.
2025-01-16 22:09:08 [INFO ] Log - setHomePageTest test is starting.
2025-01-16 22:09:12 [INFO ] Log - testFiltersOnProductsPage test is starting.
2025-01-16 22:09:41 [INFO ] Log - setupTest test is starting.
2025-01-16 22:09:42 [INFO ] Log - Browser is starting up...
2025-01-16 22:09:43 [INFO ] Log - Test is Starting...Lcw Test
2025-01-16 22:09:43 [INFO ] Log - Going to LC Waikiki website...
2025-01-16 22:09:47 [INFO ] Log - Browser window is maximized...
2025-01-16 22:09:47 [INFO ] Log - getLoginTest test is starting.
2025-01-16 22:09:51 [INFO ] Log - setHomePageTest test is starting.
2025-01-16 22:09:54 [INFO ] Log - testFiltersOnProductsPage test is starting.
2025-01-16 22:10:19 [INFO ] Log - navigateToProductDetails test is starting.
2025-01-16 22:10:25 [INFO ] Log - verifyAddToCartButtonVisible test is starting.
2025-01-16 22:10:27 [INFO ] Log - selectAvailableSize test is starting.
2025-01-16 22:10:29 [INFO ] Log - clickAddToCart test is starting.
2025-01-16 22:10:31 [INFO ] Log - goToCart test is starting.
2025-01-16 22:10:34 [INFO ] Log - QuantityIncrement test is starting.
2025-01-16 22:18:00 [INFO ] Log - setupTest test is starting.
2025-01-16 22:18:00 [INFO ] Log - Browser is starting up...
2025-01-16 22:18:01 [INFO ] Log - Test is Starting...Lcw Test
2025-01-16 22:18:01 [INFO ] Log - Going to LC Waikiki website...
2025-01-16 22:18:04 [INFO ] Log - Browser window is maximized...
2025-01-16 22:18:05 [INFO ] Log - getLoginTest test is starting.
2025-01-16 22:18:07 [INFO ] Log - setHomePageTest test is starting.
2025-01-16 22:18:11 [INFO ] Log - testFiltersOnProductsPage test is starting.
2025-01-16 22:18:36 [INFO ] Log - navigateToProductDetails test is starting.
2025-01-16 22:18:42 [INFO ] Log - verifyAddToCartButtonVisible test is starting.
2025-01-16 22:18:44 [INFO ] Log - selectAvailableSize test is starting.
2025-01-16 22:18:46 [INFO ] Log - clickAddToCart test is starting.
2025-01-16 22:18:48 [INFO ] Log - goToCart test is starting.
2025-01-16 22:18:52 [INFO ] Log - QuantityIncrement test is starting.
2025-01-16 22:19:10 [INFO ] Log - verifyCart test is starting.
2025-01-16 22:19:10 [INFO ] Log - addProductToFavorites test is starting.
2025-01-16 22:19:12 [INFO ] Log - navigateToFavoritesPage test is starting.
2025-01-16 22:19:14 [INFO ] Log - productExistsInFavorites test is starting.
2025-01-16 22:19:14 [INFO ] Log - testProceedToCheckout test is starting.
2025-01-16 22:28:52 [INFO ] Log - setupTest test is starting.
2025-01-16 22:28:52 [INFO ] Log - Browser is starting up...
2025-01-16 22:28:53 [INFO ] Log - Test is Starting...Lcw Test
2025-01-16 22:28:53 [INFO ] Log - Going to LC Waikiki website...
2025-01-16 22:28:56 [INFO ] Log - Browser window is maximized...
2025-01-16 22:28:57 [INFO ] Log - testLogin test is starting.
2025-01-16 22:30:12 [INFO ] Log - Browser is starting up...
2025-01-16 22:30:13 [INFO ] Log - Test is Starting...Lcw Test
2025-01-16 22:30:13 [INFO ] Log - Going to LC Waikiki website...
2025-01-16 22:30:16 [INFO ] Log - Browser window is maximized...
2025-01-16 22:30:17 [INFO ] Log - setupTest test is starting.
2025-01-16 22:30:17 [INFO ] Log - Browser is starting up...
2025-01-16 22:30:18 [INFO ] Log - Test is Starting...Lcw Test
2025-01-16 22:30:18 [INFO ] Log - Going to LC Waikiki website...
2025-01-16 22:30:21 [INFO ] Log - Browser window is maximized...
2025-01-16 22:30:22 [INFO ] Log - Browser is starting up...
2025-01-16 22:30:23 [INFO ] Log - Test is Starting...Lcw Test
2025-01-16 22:30:23 [INFO ] Log - Going to LC Waikiki website...
2025-01-16 22:30:27 [INFO ] Log - Browser window is maximized...
2025-01-16 22:30:27 [INFO ] Log - testLogin test is starting.
2025-01-16 22:31:19 [INFO ] Log - Browser is starting up...
2025-01-16 22:31:20 [INFO ] Log - Test is Starting...Lcw Test
2025-01-16 22:31:20 [INFO ] Log - Going to LC Waikiki website...
2025-01-16 22:31:22 [INFO ] Log - Browser window is maximized...
2025-01-16 22:31:23 [INFO ] Log - setupTest test is starting.
2025-01-16 22:31:23 [INFO ] Log - Browser is starting up...
2025-01-16 22:31:23 [INFO ] Log - Test is Starting...Lcw Test
2025-01-16 22:31:23 [INFO ] Log - Going to LC Waikiki website...
2025-01-16 22:31:26 [INFO ] Log - Browser window is maximized...
2025-01-16 22:31:27 [INFO ] Log - testLogin test is starting.
2025-01-16 22:31:46 [INFO ] Log - Browser is starting up...
2025-01-16 22:31:47 [INFO ] Log - Test is Starting...Lcw Test
2025-01-16 22:31:47 [INFO ] Log - Going to LC Waikiki website...
2025-01-16 22:31:55 [INFO ] Log - Browser window is maximized...
2025-01-16 22:31:56 [INFO ] Log - setupTest test is starting.
2025-01-16 22:31:56 [INFO ] Log - Browser is starting up...
2025-01-16 22:31:57 [INFO ] Log - Test is Starting...Lcw Test
2025-01-16 22:31:57 [INFO ] Log - Going to LC Waikiki website...
2025-01-16 22:32:09 [INFO ] Log - Browser window is maximized...
2025-01-16 22:32:10 [INFO ] Log - testLogin test is starting.
2025-01-16 22:34:57 [INFO ] Log - Browser is starting up...
2025-01-16 22:34:58 [INFO ] Log - Test is Starting...Lcw Test
2025-01-16 22:34:58 [INFO ] Log - Going to LC Waikiki website...
2025-01-16 22:34:59 [INFO ] Log - Browser window is maximized...
2025-01-16 22:35:12 [INFO ] Log - testLogin test is starting.
2025-01-16 22:36:47 [INFO ] Log - Browser is starting up...
2025-01-16 22:36:48 [INFO ] Log - Test is Starting...Lcw Test
2025-01-16 22:36:48 [INFO ] Log - Going to LC Waikiki website...
2025-01-16 22:36:52 [INFO ] Log - Browser window is maximized...
2025-01-16 22:36:52 [INFO ] Log - setupTest test is starting.
2025-01-16 22:36:52 [INFO ] Log - Browser is starting up...
2025-01-16 22:36:53 [INFO ] Log - Test is Starting...Lcw Test
2025-01-16 22:36:53 [INFO ] Log - Going to LC Waikiki website...
2025-01-16 22:36:58 [INFO ] Log - Browser window is maximized...
2025-01-16 22:36:58 [INFO ] Log - getLoginTest test is starting.
2025-01-16 22:37:01 [INFO ] Log - Browser is starting up...
2025-01-16 22:37:02 [INFO ] Log - Test is Starting...Lcw Test
2025-01-16 22:37:02 [INFO ] Log - Going to LC Waikiki website...
2025-01-16 22:37:08 [INFO ] Log - Browser window is maximized...
2025-01-16 22:37:09 [INFO ] Log - setHomePageTest test is starting.
2025-01-16 22:37:15 [INFO ] Log - Browser is starting up...
2025-01-16 22:37:15 [INFO ] Log - Test is Starting...Lcw Test
2025-01-16 22:37:15 [INFO ] Log - Going to LC Waikiki website...
2025-01-16 22:37:18 [INFO ] Log - Browser window is maximized...
2025-01-16 22:37:18 [INFO ] Log - testFiltersOnProductsPage test is starting.
2025-01-16 22:38:59 [INFO ] Log - setupTest test is starting.
2025-01-16 22:39:00 [INFO ] Log - testLogin test is starting.
2025-01-16 22:39:19 [INFO ] Log - setupTest test is starting.
2025-01-16 22:39:19 [INFO ] Log - testLogin test is starting.
2025-01-16 22:39:59 [INFO ] Log - setupTest test is starting.
2025-01-16 22:39:59 [INFO ] Log - testLogin test is starting.
2025-01-16 22:41:25 [INFO ] Log - setupTest test is starting.
2025-01-16 22:41:25 [INFO ] Log - Browser is starting up...
2025-01-16 22:41:26 [INFO ] Log - Test is Starting...Lcw Test
2025-01-16 22:41:26 [INFO ] Log - Going to LC Waikiki website...
2025-01-16 22:41:29 [INFO ] Log - Browser window is maximized...
2025-01-16 22:41:29 [INFO ] Log - testLogin test is starting.
2025-01-16 22:42:24 [INFO ] Log - Browser is starting up...
2025-01-16 22:42:25 [INFO ] Log - Test is Starting...Lcw Test
2025-01-16 22:42:25 [INFO ] Log - Going to LC Waikiki website...
2025-01-16 22:42:28 [INFO ] Log - Browser window is maximized...
2025-01-16 22:42:28 [INFO ] Log - setupTest test is starting.
2025-01-16 22:42:28 [INFO ] Log - Browser is starting up...
2025-01-16 22:42:29 [INFO ] Log - Test is Starting...Lcw Test
2025-01-16 22:42:29 [INFO ] Log - Going to LC Waikiki website...
2025-01-16 22:42:41 [INFO ] Log - Browser window is maximized...
2025-01-16 22:42:41 [INFO ] Log - testLogin test is starting.
2025-01-16 22:43:00 [INFO ] Log - Browser is starting up...
2025-01-16 22:43:01 [INFO ] Log - Test is Starting...Lcw Test
2025-01-16 22:43:01 [INFO ] Log - Going to LC Waikiki website...
2025-01-16 22:43:04 [INFO ] Log - Browser window is maximized...
2025-01-16 22:43:04 [INFO ] Log - setupTest test is starting.
2025-01-16 22:43:04 [INFO ] Log - testLogin test is starting.
2025-01-16 22:43:20 [INFO ] Log - Browser is starting up...
2025-01-16 22:43:21 [INFO ] Log - Test is Starting...Lcw Test
2025-01-16 22:43:21 [INFO ] Log - Going to LC Waikiki website...
2025-01-16 22:43:24 [INFO ] Log - Browser window is maximized...
2025-01-16 22:43:24 [INFO ] Log - setupTest test is starting.
2025-01-16 22:43:24 [INFO ] Log - testLogin test is starting.
2025-01-16 22:44:18 [INFO ] Log - Browser is starting up...
2025-01-16 22:44:19 [INFO ] Log - Test is Starting...Lcw Test
2025-01-16 22:44:19 [INFO ] Log - Going to LC Waikiki website...
2025-01-16 22:44:20 [INFO ] Log - Browser window is maximized...
2025-01-16 22:44:21 [INFO ] Log - setupTest test is starting.
2025-01-16 22:44:21 [INFO ] Log - getLoginTest test is starting.
2025-01-16 22:44:23 [INFO ] Log - setHomePageTest test is starting.
2025-01-16 22:44:29 [INFO ] Log - testFiltersOnProductsPage test is starting.
2025-01-16 22:44:54 [INFO ] Log - navigateToProductDetails test is starting.
2025-01-16 22:44:59 [INFO ] Log - verifyAddToCartButtonVisible test is starting.
2025-01-16 22:45:01 [INFO ] Log - selectAvailableSize test is starting.
2025-01-16 22:45:03 [INFO ] Log - clickAddToCart test is starting.
2025-01-16 22:45:05 [INFO ] Log - goToCart test is starting.
2025-01-16 22:45:09 [INFO ] Log - QuantityIncrement test is starting.
2025-01-16 22:45:27 [INFO ] Log - verifyCart test is starting.
2025-01-16 22:45:27 [INFO ] Log - addProductToFavorites test is starting.
2025-01-16 22:45:29 [INFO ] Log - navigateToFavoritesPage test is starting.
2025-01-16 22:45:32 [INFO ] Log - productExistsInFavorites test is starting.
2025-01-16 22:45:32 [INFO ] Log - testProceedToCheckout test is starting.
2025-01-16 22:50:18 [INFO ] Log - Browser is starting up...
2025-01-16 22:50:20 [INFO ] Log - Test is Starting...Lcw Test
2025-01-16 22:50:20 [INFO ] Log - Going to LC Waikiki website...
2025-01-16 22:50:22 [INFO ] Log - Browser window is maximized...
2025-01-16 22:50:23 [INFO ] Log - setupTest test is starting.
2025-01-16 22:50:23 [INFO ] Log - getLoginTest test is starting.
2025-01-16 22:50:26 [INFO ] Log - setHomePageTest test is starting.
2025-01-16 22:50:29 [INFO ] Log - testFiltersOnProductsPage test is starting.
2025-01-16 22:52:44 [INFO ] Log - Browser is starting up...
2025-01-16 22:52:45 [INFO ] Log - Test is Starting...Lcw Test
2025-01-16 22:52:45 [INFO ] Log - Going to LC Waikiki website...
2025-01-16 22:52:48 [INFO ] Log - Browser window is maximized...
2025-01-16 22:52:49 [INFO ] Log - setupTest test is starting.
2025-01-16 22:52:49 [INFO ] Log - getLoginTest test is starting.
2025-01-16 22:52:51 [INFO ] Log - setHomePageTest test is starting.
2025-01-16 22:52:55 [INFO ] Log - testFiltersOnProductsPage test is starting.
2025-01-16 22:53:20 [INFO ] Log - navigateToProductDetails test is starting.
2025-01-16 22:53:25 [INFO ] Log - verifyAddToCartButtonVisible test is starting.
2025-01-16 22:53:27 [INFO ] Log - selectAvailableSize test is starting.
2025-01-16 22:53:29 [INFO ] Log - clickAddToCart test is starting.
2025-01-16 22:53:31 [INFO ] Log - goToCart test is starting.
2025-01-16 22:53:33 [INFO ] Log - QuantityIncrement test is starting.
2025-01-16 22:53:51 [INFO ] Log - verifyCart test is starting.
2025-01-16 22:53:52 [INFO ] Log - addProductToFavorites test is starting.
2025-01-16 22:53:54 [INFO ] Log - navigateToFavoritesPage test is starting.
2025-01-16 22:53:55 [INFO ] Log - productExistsInFavorites test is starting.
2025-01-16 22:53:55 [INFO ] Log - testProceedToCheckout test is starting.
2025-01-16 22:56:12 [INFO ] Log - Browser is starting up...
2025-01-16 22:56:13 [INFO ] Log - Test is Starting...Lcw Test
2025-01-16 22:56:13 [INFO ] Log - Going to LC Waikiki website...
2025-01-16 22:56:15 [INFO ] Log - Browser window is maximized...
2025-01-16 22:56:15 [INFO ] Log - setupTest test is starting.
2025-01-16 22:56:15 [INFO ] Log - testLogin test is starting.
2025-01-16 22:59:03 [INFO ] Log - setupTest test is starting.
2025-01-16 22:59:04 [INFO ] Log - testLogin test is starting.
2025-01-16 22:59:30 [INFO ] Log - setupTest test is starting.
2025-01-16 22:59:30 [INFO ] Log - testLogin test is starting.
2025-01-16 23:04:43 [INFO ] Log - Browser is starting up...
2025-01-16 23:04:44 [INFO ] Log - Test is Starting...Lcw Test
2025-01-16 23:04:44 [INFO ] Log - Going to LC Waikiki website...
2025-01-16 23:04:48 [INFO ] Log - Browser window is maximized...
2025-01-16 23:04:48 [INFO ] Log - setupTest test is starting.
2025-01-16 23:04:48 [INFO ] Log - getLoginTest test is starting.
2025-01-16 23:04:51 [INFO ] Log - setHomePageTest test is starting.
2025-01-16 23:04:55 [INFO ] Log - testFiltersOnProductsPage test is starting.
2025-01-16 23:05:20 [INFO ] Log - navigateToProductDetails test is starting.
2025-01-16 23:05:26 [INFO ] Log - verifyAddToCartButtonVisible test is starting.
2025-01-16 23:05:28 [INFO ] Log - selectAvailableSize test is starting.
2025-01-16 23:05:30 [INFO ] Log - clickAddToCart test is starting.
2025-01-16 23:05:32 [INFO ] Log - goToCart test is starting.
2025-01-16 23:05:35 [INFO ] Log - QuantityIncrement test is starting.
2025-01-16 23:05:53 [INFO ] Log - verifyCart test is starting.
2025-01-16 23:05:53 [INFO ] Log - addProductToFavorites test is starting.
2025-01-16 23:05:55 [INFO ] Log - navigateToFavoritesPage test is starting.
2025-01-16 23:05:57 [INFO ] Log - productExistsInFavorites test is starting.
2025-01-16 23:05:57 [INFO ] Log - testProceedToCheckout test is starting.
2025-01-16 23:08:55 [INFO ] Log - Browser is starting up...
2025-01-16 23:08:56 [INFO ] Log - Test is Starting...Lcw Test
2025-01-16 23:08:56 [INFO ] Log - Going to LC Waikiki website...
2025-01-16 23:08:56 [INFO ] Log - Browser window is maximized...
2025-01-16 23:08:59 [INFO ] Log - setupTest test is starting.
2025-01-16 23:08:59 [INFO ] Log - testLogin test is starting.
2025-01-16 23:18:48 [INFO ] Log - Browser is starting up...
2025-01-16 23:18:49 [INFO ] Log - Test is Starting...Lcw Test
2025-01-16 23:18:49 [INFO ] Log - Going to LC Waikiki website...
2025-01-16 23:18:53 [INFO ] Log - Browser window is maximized...
2025-01-16 23:18:54 [INFO ] Log - setupTest test is starting.
2025-01-16 23:18:54 [INFO ] Log - Browser is starting up...
2025-01-16 23:18:54 [INFO ] Log - Test is Starting...Lcw Test
2025-01-16 23:18:54 [INFO ] Log - Going to LC Waikiki website...
2025-01-16 23:18:57 [INFO ] Log - Browser window is maximized...
2025-01-16 23:18:57 [INFO ] Log - getLoginTest test is starting.
2025-01-16 23:19:01 [INFO ] Log - setHomePageTest test is starting.
2025-01-17 11:49:28 [INFO ] Log - Browser is starting up...
2025-01-17 11:49:30 [INFO ] Log - Test is Starting...Lcw Test
2025-01-17 11:49:30 [INFO ] Log - Going to LC Waikiki website...
2025-01-17 11:49:32 [INFO ] Log - Browser window is maximized...
2025-01-17 11:49:32 [INFO ] Log - setupTest test is starting.
2025-01-17 11:49:32 [INFO ] Log - testLogin test is starting.
2025-01-17 11:49:35 [INFO ] Log - Test is Ending...Lcw Test
2025-01-17 16:32:13 [INFO ] Log - Browser is starting up...
2025-01-17 16:32:17 [INFO ] Log - Test is Starting...Lcw Test
2025-01-17 16:32:17 [INFO ] Log - Going to LC Waikiki website...
2025-01-17 16:32:17 [INFO ] Log - Browser window is maximized...
2025-01-17 16:32:21 [INFO ] Log - setupTest test is starting.
2025-01-17 16:32:21 [INFO ] Log - testLogin test is starting.
2025-01-17 16:32:24 [INFO ] Log - Test is Ending...Lcw Test
2025-01-17 16:32:59 [INFO ] Log - Browser is starting up...
2025-01-17 16:33:00 [INFO ] Log - Test is Starting...Lcw Test
2025-01-17 16:33:00 [INFO ] Log - Going to LC Waikiki website...
2025-01-17 16:33:04 [INFO ] Log - Browser window is maximized...
2025-01-17 16:33:04 [INFO ] Log - setupTest test is starting.
2025-01-17 16:33:04 [INFO ] Log - Browser is starting up...
2025-01-17 16:33:05 [INFO ] Log - Test is Starting...Lcw Test
2025-01-17 16:33:05 [INFO ] Log - Going to LC Waikiki website...
2025-01-17 16:33:08 [INFO ] Log - Browser window is maximized...
2025-01-17 16:33:08 [INFO ] Log - getLoginTest test is starting.
2025-01-17 16:33:11 [INFO ] Log - setHomePageTest test is starting.
2025-01-17 16:33:15 [INFO ] Log - Test is Ending...Lcw Test
2025-01-17 16:34:12 [INFO ] Log - Browser is starting up...
2025-01-17 16:34:13 [INFO ] Log - Test is Starting...Lcw Test
2025-01-17 16:34:13 [INFO ] Log - Going to LC Waikiki website...
2025-01-17 16:34:15 [INFO ] Log - Browser window is maximized...
2025-01-17 16:34:15 [INFO ] Log - setupTest test is starting.
2025-01-17 16:34:15 [INFO ] Log - Browser is starting up...
2025-01-17 16:34:16 [INFO ] Log - Test is Starting...Lcw Test
2025-01-17 16:34:16 [INFO ] Log - Going to LC Waikiki website...
2025-01-17 16:34:19 [INFO ] Log - Browser window is maximized...
2025-01-17 16:34:19 [INFO ] Log - getLoginTest test is starting.
2025-01-17 16:34:22 [INFO ] Log - setHomePageTest test is starting.
2025-01-17 16:34:26 [INFO ] Log - testFiltersOnProductsPage test is starting.
2025-01-17 16:36:21 [INFO ] Log - Browser is starting up...
2025-01-17 16:36:22 [INFO ] Log - Test is Starting...Lcw Test
2025-01-17 16:36:22 [INFO ] Log - Going to LC Waikiki website...
2025-01-17 16:36:25 [INFO ] Log - Browser window is maximized...
2025-01-17 16:36:26 [INFO ] Log - setupTest test is starting.
2025-01-17 16:36:26 [INFO ] Log - getLoginTest test is starting.
2025-01-17 16:36:29 [INFO ] Log - setHomePageTest test is starting.
2025-01-17 16:36:34 [INFO ] Log - testFiltersOnProductsPage test is starting.
2025-01-17 16:36:59 [INFO ] Log - navigateToProductDetails test is starting.
2025-01-17 16:41:36 [INFO ] Log - Browser is starting up...
2025-01-17 16:41:37 [INFO ] Log - Test is Starting...Lcw Test
2025-01-17 16:41:37 [INFO ] Log - Going to LC Waikiki website...
2025-01-17 16:41:41 [INFO ] Log - Browser window is maximized...
2025-01-17 16:41:41 [INFO ] Log - setupTest test is starting.
2025-01-17 16:41:42 [INFO ] Log - getLoginTest test is starting.
2025-01-17 16:41:44 [INFO ] Log - setHomePageTest test is starting.
2025-01-17 16:41:47 [INFO ] Log - testFiltersOnProductsPage test is starting.
2025-01-17 16:42:12 [INFO ] Log - navigateToProductDetails test is starting.
2025-01-17 16:42:17 [INFO ] Log - Test is Ending...Lcw Test
2025-01-17 16:42:36 [INFO ] Log - Browser is starting up...
2025-01-17 16:42:37 [INFO ] Log - Test is Starting...Lcw Test
2025-01-17 16:42:37 [INFO ] Log - Going to LC Waikiki website...
2025-01-17 16:42:40 [INFO ] Log - Browser window is maximized...
2025-01-17 16:42:40 [INFO ] Log - setupTest test is starting.
2025-01-17 16:42:40 [INFO ] Log - getLoginTest test is starting.
2025-01-17 16:42:43 [INFO ] Log - setHomePageTest test is starting.
2025-01-17 16:42:46 [INFO ] Log - testFiltersOnProductsPage test is starting.
2025-01-17 16:43:12 [INFO ] Log - Browser is starting up...
2025-01-17 16:43:13 [INFO ] Log - Test is Starting...Lcw Test
2025-01-17 16:43:13 [INFO ] Log - Going to LC Waikiki website...
2025-01-17 16:43:14 [INFO ] Log - Browser window is maximized...
2025-01-17 16:43:16 [INFO ] Log - setupTest test is starting.
2025-01-17 16:43:16 [INFO ] Log - getLoginTest test is starting.
2025-01-17 16:43:19 [INFO ] Log - setHomePageTest test is starting.
2025-01-17 16:43:23 [INFO ] Log - testFiltersOnProductsPage test is starting.
2025-01-17 16:43:47 [INFO ] Log - navigateToProductDetails test is starting.
2025-01-17 16:43:51 [INFO ] Log - verifyAddToCartButtonVisible test is starting.
2025-01-17 16:43:53 [INFO ] Log - selectAvailableSize test is starting.
2025-01-17 16:43:55 [INFO ] Log - clickAddToCart test is starting.
2025-01-17 16:43:57 [INFO ] Log - goToCart test is starting.
2025-01-17 16:44:01 [INFO ] Log - Test is Ending...Lcw Test
2025-01-17 16:44:32 [INFO ] Log - Browser is starting up...
2025-01-17 16:44:33 [INFO ] Log - Test is Starting...Lcw Test
2025-01-17 16:44:33 [INFO ] Log - Going to LC Waikiki website...
2025-01-17 16:44:36 [INFO ] Log - Browser window is maximized...
2025-01-17 16:44:36 [INFO ] Log - setupTest test is starting.
2025-01-17 16:44:36 [INFO ] Log - getLoginTest test is starting.
2025-01-17 16:44:39 [INFO ] Log - setHomePageTest test is starting.
2025-01-17 16:44:44 [INFO ] Log - testFiltersOnProductsPage test is starting.
2025-01-17 16:45:15 [INFO ] Log - Browser is starting up...
2025-01-17 16:45:16 [INFO ] Log - Test is Starting...Lcw Test
2025-01-17 16:45:16 [INFO ] Log - Going to LC Waikiki website...
2025-01-17 16:45:21 [INFO ] Log - Browser window is maximized...
2025-01-17 16:45:22 [INFO ] Log - setupTest test is starting.
2025-01-17 16:45:22 [INFO ] Log - getLoginTest test is starting.
2025-01-17 16:45:24 [INFO ] Log - setHomePageTest test is starting.
2025-01-17 16:45:30 [INFO ] Log - testFiltersOnProductsPage test is starting.
2025-01-17 16:45:59 [INFO ] Log - Browser is starting up...
2025-01-17 16:46:00 [INFO ] Log - Test is Starting...Lcw Test
2025-01-17 16:46:00 [INFO ] Log - Going to LC Waikiki website...
2025-01-17 16:46:03 [INFO ] Log - Browser window is maximized...
2025-01-17 16:46:04 [INFO ] Log - setupTest test is starting.
2025-01-17 16:46:04 [INFO ] Log - getLoginTest test is starting.
2025-01-17 16:46:07 [INFO ] Log - setHomePageTest test is starting.
2025-01-17 16:46:10 [INFO ] Log - testFiltersOnProductsPage test is starting.
2025-01-17 16:46:35 [INFO ] Log - navigateToProductDetails test is starting.
2025-01-17 16:46:40 [INFO ] Log - verifyAddToCartButtonVisible test is starting.
2025-01-17 16:46:42 [INFO ] Log - selectAvailableSize test is starting.
2025-01-17 16:46:44 [INFO ] Log - clickAddToCart test is starting.
2025-01-17 16:46:46 [INFO ] Log - goToCart test is starting.
2025-01-17 16:46:50 [INFO ] Log - QuantityIncrement test is starting.
2025-01-17 16:47:08 [INFO ] Log - verifyCart test is starting.
2025-01-17 16:47:09 [INFO ] Log - addProductToFavorites test is starting.
2025-01-17 16:47:11 [INFO ] Log - navigateToFavoritesPage test is starting.
2025-01-17 16:47:17 [INFO ] Log - productExistsInFavorites test is starting.
2025-01-17 16:47:26 [INFO ] Log - Browser is starting up...
2025-01-17 16:47:27 [INFO ] Log - Test is Starting...Lcw Test
2025-01-17 16:47:27 [INFO ] Log - Going to LC Waikiki website...
2025-01-17 16:47:29 [INFO ] Log - Browser window is maximized...
2025-01-17 16:47:29 [INFO ] Log - setupTest test is starting.
2025-01-17 16:47:29 [INFO ] Log - getLoginTest test is starting.
2025-01-17 16:47:32 [INFO ] Log - setHomePageTest test is starting.
2025-01-17 16:47:36 [INFO ] Log - testFiltersOnProductsPage test is starting.
2025-01-17 16:48:00 [INFO ] Log - navigateToProductDetails test is starting.
2025-01-17 16:48:06 [INFO ] Log - verifyAddToCartButtonVisible test is starting.
2025-01-17 16:48:08 [INFO ] Log - selectAvailableSize test is starting.
2025-01-17 16:48:10 [INFO ] Log - clickAddToCart test is starting.
2025-01-17 16:48:12 [INFO ] Log - goToCart test is starting.
2025-01-17 16:48:15 [INFO ] Log - QuantityIncrement test is starting.
2025-01-17 16:48:33 [INFO ] Log - verifyCart test is starting.
2025-01-17 16:48:33 [INFO ] Log - addProductToFavorites test is starting.
2025-01-17 16:48:35 [INFO ] Log - navigateToFavoritesPage test is starting.
2025-01-17 16:48:37 [INFO ] Log - productExistsInFavorites test is starting.
2025-01-17 16:48:38 [INFO ] Log - Test is Ending...Lcw Test
2025-01-17 16:48:50 [INFO ] Log - Browser is starting up...
2025-01-17 16:48:51 [INFO ] Log - Test is Starting...Lcw Test
2025-01-17 16:48:51 [INFO ] Log - Going to LC Waikiki website...
2025-01-17 16:48:54 [INFO ] Log - Browser window is maximized...
2025-01-17 16:48:54 [INFO ] Log - setupTest test is starting.
2025-01-17 16:48:54 [INFO ] Log - getLoginTest test is starting.
2025-01-17 16:48:57 [INFO ] Log - setHomePageTest test is starting.
2025-01-17 16:49:00 [INFO ] Log - testFiltersOnProductsPage test is starting.
2025-01-17 16:49:25 [INFO ] Log - navigateToProductDetails test is starting.
2025-01-17 16:49:30 [INFO ] Log - verifyAddToCartButtonVisible test is starting.
2025-01-17 16:49:32 [INFO ] Log - selectAvailableSize test is starting.
2025-01-17 16:49:34 [INFO ] Log - clickAddToCart test is starting.
2025-01-17 16:49:36 [INFO ] Log - goToCart test is starting.
2025-01-17 16:49:39 [INFO ] Log - QuantityIncrement test is starting.
2025-01-17 16:49:57 [INFO ] Log - verifyCart test is starting.
2025-01-17 16:49:58 [INFO ] Log - addProductToFavorites test is starting.
2025-01-17 16:50:00 [INFO ] Log - navigateToFavoritesPage test is starting.
2025-01-17 16:50:02 [INFO ] Log - productExistsInFavorites test is starting.
2025-01-17 16:50:02 [INFO ] Log - testProceedToCheckout test is starting.
2025-01-17 16:50:06 [INFO ] Log - Test is Ending...Lcw Test
2025-01-17 16:50:52 [INFO ] Log - Browser is starting up...
2025-01-17 16:50:53 [INFO ] Log - Test is Starting...Lcw Test
2025-01-17 16:50:53 [INFO ] Log - Going to LC Waikiki website...
2025-01-17 16:50:55 [INFO ] Log - Browser window is maximized...
2025-01-17 16:50:55 [INFO ] Log - setupTest test is starting.
2025-01-17 16:50:56 [INFO ] Log - getLoginTest test is starting.
2025-01-17 16:50:58 [INFO ] Log - setHomePageTest test is starting.
2025-01-17 16:51:02 [INFO ] Log - testFiltersOnProductsPage test is starting.
2025-01-17 16:51:26 [INFO ] Log - navigateToProductDetails test is starting.
2025-01-17 16:51:52 [INFO ] Log - Browser is starting up...
2025-01-17 16:51:53 [INFO ] Log - Test is Starting...Lcw Test
2025-01-17 16:51:53 [INFO ] Log - Going to LC Waikiki website...
2025-01-17 16:51:55 [INFO ] Log - Browser window is maximized...
2025-01-17 16:51:56 [INFO ] Log - setupTest test is starting.
2025-01-17 16:51:56 [INFO ] Log - getLoginTest test is starting.
2025-01-17 16:51:58 [INFO ] Log - setHomePageTest test is starting.
2025-01-17 16:52:02 [INFO ] Log - testFiltersOnProductsPage test is starting.
2025-01-17 16:52:34 [INFO ] Log - Browser is starting up...
2025-01-17 16:52:35 [INFO ] Log - Test is Starting...Lcw Test
2025-01-17 16:52:35 [INFO ] Log - Going to LC Waikiki website...
2025-01-17 16:52:37 [INFO ] Log - Browser window is maximized...
2025-01-17 16:52:38 [INFO ] Log - setupTest test is starting.
2025-01-17 16:52:38 [INFO ] Log - getLoginTest test is starting.
2025-01-17 16:52:40 [INFO ] Log - setHomePageTest test is starting.
2025-01-17 16:52:43 [INFO ] Log - testFiltersOnProductsPage test is starting.
2025-01-17 16:53:17 [INFO ] Log - Browser is starting up...
2025-01-17 16:53:18 [INFO ] Log - Test is Starting...Lcw Test
2025-01-17 16:53:18 [INFO ] Log - Going to LC Waikiki website...
2025-01-17 16:53:20 [INFO ] Log - Browser window is maximized...
2025-01-17 16:53:20 [INFO ] Log - setupTest test is starting.
2025-01-17 16:53:20 [INFO ] Log - getLoginTest test is starting.
2025-01-17 16:53:23 [INFO ] Log - setHomePageTest test is starting.
2025-01-17 16:53:27 [INFO ] Log - testFiltersOnProductsPage test is starting.
2025-01-17 16:54:00 [INFO ] Log - Browser is starting up...
2025-01-17 16:54:01 [INFO ] Log - Test is Starting...Lcw Test
2025-01-17 16:54:01 [INFO ] Log - Going to LC Waikiki website...
2025-01-17 16:54:05 [INFO ] Log - Browser window is maximized...
2025-01-17 16:54:05 [INFO ] Log - setupTest test is starting.
2025-01-17 16:54:05 [INFO ] Log - getLoginTest test is starting.
2025-01-17 16:54:07 [INFO ] Log - setHomePageTest test is starting.
2025-01-17 16:54:11 [INFO ] Log - testFiltersOnProductsPage test is starting.
2025-01-17 16:54:53 [INFO ] Log - Browser is starting up...
2025-01-17 16:54:54 [INFO ] Log - Test is Starting...Lcw Test
2025-01-17 16:54:54 [INFO ] Log - Going to LC Waikiki website...
2025-01-17 16:54:56 [INFO ] Log - Browser window is maximized...
2025-01-17 16:54:56 [INFO ] Log - setupTest test is starting.
2025-01-17 16:54:56 [INFO ] Log - getLoginTest test is starting.
2025-01-17 16:54:59 [INFO ] Log - setHomePageTest test is starting.
2025-01-17 16:55:03 [INFO ] Log - testFiltersOnProductsPage test is starting.
2025-01-17 16:55:27 [INFO ] Log - navigateToProductDetails test is starting.
2025-01-17 16:55:33 [INFO ] Log - verifyAddToCartButtonVisible test is starting.
2025-01-17 16:55:35 [INFO ] Log - selectAvailableSize test is starting.
2025-01-17 16:55:37 [INFO ] Log - clickAddToCart test is starting.
2025-01-17 16:55:39 [INFO ] Log - goToCart test is starting.
2025-01-17 16:55:42 [INFO ] Log - QuantityIncrement test is starting.
2025-01-17 16:56:00 [INFO ] Log - verifyCart test is starting.
2025-01-17 16:56:00 [INFO ] Log - addProductToFavorites test is starting.
2025-01-17 16:56:02 [INFO ] Log - navigateToFavoritesPage test is starting.
2025-01-17 16:56:04 [INFO ] Log - productExistsInFavorites test is starting.
2025-01-17 16:56:04 [INFO ] Log - testProceedToCheckout test is starting.
2025-01-17 16:56:10 [INFO ] Log - Test is Ending...Lcw Test
2025-01-17 16:57:36 [INFO ] Log - Browser is starting up...
2025-01-17 16:57:37 [INFO ] Log - Test is Starting...Lcw Test
2025-01-17 16:57:37 [INFO ] Log - Going to LC Waikiki website...
2025-01-17 16:57:39 [INFO ] Log - Browser window is maximized...
2025-01-17 16:57:40 [INFO ] Log - setupTest test is starting.
2025-01-17 16:57:40 [INFO ] Log - getLoginTest test is starting.
2025-01-17 16:57:44 [INFO ] Log - setHomePageTest test is starting.
2025-01-17 16:57:48 [INFO ] Log - Test is Ending...Lcw Test
2025-01-17 17:00:09 [INFO ] Log - Browser is starting up...
2025-01-17 17:00:10 [INFO ] Log - Test is Starting...Lcw Test
2025-01-17 17:00:10 [INFO ] Log - Going to LC Waikiki website...
2025-01-17 17:00:11 [INFO ] Log - Browser window is maximized...
2025-01-17 17:00:15 [INFO ] Log - setupTest test is starting.
2025-01-17 17:00:15 [INFO ] Log - getLoginTest test is starting.
2025-01-17 17:00:18 [INFO ] Log - setHomePageTest test is starting.
2025-01-17 17:00:22 [INFO ] Log - testFiltersOnProductsPage test is starting.
2025-01-17 17:00:47 [INFO ] Log - navigateToProductDetails test is starting.
2025-01-17 17:00:52 [INFO ] Log - Test is Ending...Lcw Test
2025-01-17 17:02:26 [INFO ] Log - Browser is starting up...
2025-01-17 17:02:27 [INFO ] Log - Test is Starting...Lcw Test
2025-01-17 17:02:27 [INFO ] Log - Going to LC Waikiki website...
2025-01-17 17:02:28 [INFO ] Log - Browser window is maximized...
2025-01-17 17:02:29 [INFO ] Log - setupTest test is starting.
2025-01-17 17:02:29 [INFO ] Log - getLoginTest test is starting.
2025-01-17 17:02:32 [INFO ] Log - setHomePageTest test is starting.
2025-01-17 17:02:37 [INFO ] Log - testFiltersOnProductsPage test is starting.
2025-01-17 17:03:02 [INFO ] Log - navigateToProductDetails test is starting.
2025-01-17 17:03:08 [INFO ] Log - verifyAddToCartButtonVisible test is starting.
2025-01-17 17:03:10 [INFO ] Log - selectAvailableSize test is starting.
2025-01-17 17:03:12 [INFO ] Log - clickAddToCart test is starting.
2025-01-17 17:03:14 [INFO ] Log - goToCart test is starting.
2025-01-17 17:03:18 [INFO ] Log - Test is Ending...Lcw Test
2025-01-17 17:05:21 [INFO ] Log - Browser is starting up...
2025-01-17 17:05:22 [INFO ] Log - Test is Starting...Lcw Test
2025-01-17 17:05:22 [INFO ] Log - Going to LC Waikiki website...
2025-01-17 17:05:28 [INFO ] Log - Browser window is maximized...
2025-01-17 17:05:28 [INFO ] Log - setupTest test is starting.
2025-01-17 17:05:28 [INFO ] Log - getLoginTest test is starting.
2025-01-17 17:05:32 [INFO ] Log - setHomePageTest test is starting.
2025-01-17 17:05:36 [INFO ] Log - testFiltersOnProductsPage test is starting.
2025-01-17 17:06:01 [INFO ] Log - navigateToProductDetails test is starting.
2025-01-17 17:06:09 [INFO ] Log - verifyAddToCartButtonVisible test is starting.
2025-01-17 17:06:11 [INFO ] Log - selectAvailableSize test is starting.
2025-01-17 17:06:13 [INFO ] Log - clickAddToCart test is starting.
2025-01-17 17:06:15 [INFO ] Log - goToCart test is starting.
2025-01-17 17:06:19 [INFO ] Log - QuantityIncrement test is starting.
2025-01-17 17:06:37 [INFO ] Log - verifyCart test is starting.
2025-01-17 17:06:37 [INFO ] Log - addProductToFavorites test is starting.
2025-01-17 17:06:40 [INFO ] Log - navigateToFavoritesPage test is starting.
2025-01-17 17:06:41 [INFO ] Log - productExistsInFavorites test is starting.
2025-01-17 17:06:41 [INFO ] Log - Test is Ending...Lcw Test
2025-01-17 17:17:09 [INFO ] Log - Browser is starting up...
2025-01-17 17:17:10 [INFO ] Log - Test is Starting...Lcw Test
2025-01-17 17:17:10 [INFO ] Log - Going to LC Waikiki website...
2025-01-17 17:17:12 [INFO ] Log - Browser window is maximized...
2025-01-17 17:17:13 [INFO ] Log - setupTest test is starting.
2025-01-17 17:17:13 [INFO ] Log - getLoginTest test is starting.
2025-01-17 17:17:16 [INFO ] Log - setHomePageTest test is starting.
2025-01-17 17:17:19 [INFO ] Log - testFiltersOnProductsPage test is starting.
2025-01-17 17:17:50 [INFO ] Log - Browser is starting up...
2025-01-17 17:17:51 [INFO ] Log - Test is Starting...Lcw Test
2025-01-17 17:17:51 [INFO ] Log - Going to LC Waikiki website...
2025-01-17 17:17:52 [INFO ] Log - Browser window is maximized...
2025-01-17 17:17:53 [INFO ] Log - setupTest test is starting.
2025-01-17 17:17:53 [INFO ] Log - getLoginTest test is starting.
2025-01-17 17:17:55 [INFO ] Log - setHomePageTest test is starting.
2025-01-17 17:17:59 [INFO ] Log - testFiltersOnProductsPage test is starting.
2025-01-17 17:18:24 [INFO ] Log - navigateToProductDetails test is starting.
2025-01-17 17:18:30 [INFO ] Log - verifyAddToCartButtonVisible test is starting.
2025-01-17 17:18:32 [INFO ] Log - selectAvailableSize test is starting.
2025-01-17 17:18:34 [INFO ] Log - clickAddToCart test is starting.
2025-01-17 17:18:36 [INFO ] Log - goToCart test is starting.
2025-01-17 17:18:40 [INFO ] Log - QuantityIncrement test is starting.
2025-01-17 17:18:56 [INFO ] Log - verifyCart test is starting.
2025-01-17 17:18:56 [INFO ] Log - addProductToFavorites test is starting.
2025-01-17 17:18:58 [INFO ] Log - navigateToFavoritesPage test is starting.
2025-01-17 17:19:00 [INFO ] Log - productExistsInFavorites test is starting.
2025-01-17 17:19:00 [INFO ] Log - testProceedToCheckout test is starting.
2025-01-17 17:19:05 [INFO ] Log - Test is Ending...Lcw Test
2025-01-17 17:53:49 [INFO ] Log - Browser is starting up...
2025-01-17 17:53:53 [INFO ] Log - Test is Starting...Lcw Test
2025-01-17 17:53:53 [INFO ] Log - Going to LC Waikiki website...
2025-01-17 17:53:55 [INFO ] Log - Browser window is maximized...
2025-01-17 17:53:55 [INFO ] Log - setupTest test is starting.
2025-01-17 17:53:56 [INFO ] Log - getLoginTest test is starting.
2025-01-17 17:53:58 [INFO ] Log - setHomePageTest test is starting.
2025-01-17 17:54:03 [INFO ] Log - testFiltersOnProductsPage test is starting.
2025-01-17 17:54:23 [INFO ] Log - Browser is starting up...
2025-01-17 17:54:24 [INFO ] Log - Test is Starting...Lcw Test
2025-01-17 17:54:24 [INFO ] Log - Going to LC Waikiki website...
2025-01-17 17:54:26 [INFO ] Log - Browser window is maximized...
2025-01-17 17:54:27 [INFO ] Log - setupTest test is starting.
2025-01-17 17:54:27 [INFO ] Log - getLoginTest test is starting.
2025-01-17 17:54:31 [INFO ] Log - setHomePageTest test is starting.
2025-01-17 17:54:35 [INFO ] Log - testFiltersOnProductsPage test is starting.
2025-01-17 17:55:12 [INFO ] Log - Browser is starting up...
2025-01-17 17:55:13 [INFO ] Log - Test is Starting...Lcw Test
2025-01-17 17:55:13 [INFO ] Log - Going to LC Waikiki website...
2025-01-17 17:55:15 [INFO ] Log - Browser window is maximized...
2025-01-17 17:55:15 [INFO ] Log - setupTest test is starting.
2025-01-17 17:55:15 [INFO ] Log - getLoginTest test is starting.
2025-01-17 17:55:18 [INFO ] Log - setHomePageTest test is starting.
2025-01-17 17:55:22 [INFO ] Log - testFiltersOnProductsPage test is starting.
2025-01-17 17:55:47 [INFO ] Log - navigateToProductDetails test is starting.
2025-01-17 17:55:52 [INFO ] Log - verifyAddToCartButtonVisible test is starting.
2025-01-17 17:55:54 [INFO ] Log - selectAvailableSize test is starting.
2025-01-17 17:55:56 [INFO ] Log - clickAddToCart test is starting.
2025-01-17 17:55:58 [INFO ] Log - goToCart test is starting.
2025-01-17 17:56:02 [INFO ] Log - QuantityIncrement test is starting.
2025-01-17 17:56:18 [INFO ] Log - verifyCart test is starting.
2025-01-17 17:56:18 [INFO ] Log - addProductToFavorites test is starting.
2025-01-17 17:56:20 [INFO ] Log - navigateToFavoritesPage test is starting.
2025-01-17 17:56:22 [INFO ] Log - productExistsInFavorites test is starting.
2025-01-17 17:56:22 [INFO ] Log - testProceedToCheckout test is starting.
2025-01-17 17:56:26 [INFO ] Log - Test is Ending...Lcw Test
2025-01-17 17:56:49 [INFO ] Log - Browser is starting up...
2025-01-17 17:56:50 [INFO ] Log - Test is Starting...Lcw Test
2025-01-17 17:56:50 [INFO ] Log - Going to LC Waikiki website...
2025-01-17 17:56:51 [INFO ] Log - Browser window is maximized...
2025-01-17 17:56:53 [INFO ] Log - setupTest test is starting.
2025-01-17 17:56:53 [INFO ] Log - getLoginTest test is starting.
2025-01-17 17:56:55 [INFO ] Log - setHomePageTest test is starting.
2025-01-17 17:57:01 [INFO ] Log - testFiltersOnProductsPage test is starting.
2025-01-17 17:57:25 [INFO ] Log - navigateToProductDetails test is starting.
2025-01-17 17:57:31 [INFO ] Log - verifyAddToCartButtonVisible test is starting.
2025-01-17 17:57:33 [INFO ] Log - selectAvailableSize test is starting.
2025-01-17 17:57:35 [INFO ] Log - clickAddToCart test is starting.
2025-01-17 17:57:37 [INFO ] Log - goToCart test is starting.
2025-01-17 17:57:39 [INFO ] Log - QuantityIncrement test is starting.
2025-01-17 17:57:55 [INFO ] Log - verifyCart test is starting.
2025-01-17 17:57:55 [INFO ] Log - addProductToFavorites test is starting.
2025-01-17 17:57:57 [INFO ] Log - navigateToFavoritesPage test is starting.
2025-01-17 17:58:00 [INFO ] Log - productExistsInFavorites test is starting.
2025-01-17 17:58:00 [INFO ] Log - testProceedToCheckout test is starting.
2025-01-17 17:58:03 [INFO ] Log - Test is Ending...Lcw Test
2025-01-17 18:40:45 [INFO ] Log - Browser is starting up...
2025-01-17 18:40:46 [INFO ] Log - Test is Starting...Lcw Test
2025-01-17 18:40:46 [INFO ] Log - Going to LC Waikiki website...
2025-01-17 18:40:56 [INFO ] Log - Browser window is maximized...
2025-01-17 18:40:56 [INFO ] Log - setupTest test is starting.
2025-01-17 18:40:56 [INFO ] Log - testLogin test is starting.
2025-01-17 18:40:59 [INFO ] Log - Test is Ending...Lcw Test
2025-01-17 18:41:12 [INFO ] Log - Browser is starting up...
2025-01-17 18:41:13 [INFO ] Log - Test is Starting...Lcw Test
2025-01-17 18:41:13 [INFO ] Log - Going to LC Waikiki website...
2025-01-17 18:41:18 [INFO ] Log - Browser window is maximized...
2025-01-17 18:41:19 [INFO ] Log - setupTest test is starting.
2025-01-17 18:41:19 [INFO ] Log - getLoginTest test is starting.
2025-01-17 18:41:22 [INFO ] Log - setHomePageTest test is starting.
2025-01-17 18:41:25 [INFO ] Log - Test is Ending...Lcw Test
2025-01-17 18:41:42 [INFO ] Log - Browser is starting up...
2025-01-17 18:41:43 [INFO ] Log - Test is Starting...Lcw Test
2025-01-17 18:41:43 [INFO ] Log - Going to LC Waikiki website...
2025-01-17 18:41:45 [INFO ] Log - Browser window is maximized...
2025-01-17 18:41:46 [INFO ] Log - setupTest test is starting.
2025-01-17 18:41:46 [INFO ] Log - getLoginTest test is starting.
2025-01-17 18:41:49 [INFO ] Log - setHomePageTest test is starting.
2025-01-17 18:41:52 [INFO ] Log - testFiltersOnProductsPage test is starting.
2025-01-17 18:42:17 [INFO ] Log - navigateToProductDetails test is starting.
2025-01-17 18:42:23 [INFO ] Log - Test is Ending...Lcw Test
2025-01-17 18:42:29 [INFO ] Log - Browser is starting up...
2025-01-17 18:42:30 [INFO ] Log - Test is Starting...Lcw Test
2025-01-17 18:42:30 [INFO ] Log - Going to LC Waikiki website...
2025-01-17 18:42:34 [INFO ] Log - Browser window is maximized...
2025-01-17 18:42:34 [INFO ] Log - setupTest test is starting.
2025-01-17 18:42:34 [INFO ] Log - getLoginTest test is starting.
2025-01-17 18:42:37 [INFO ] Log - setHomePageTest test is starting.
2025-01-17 18:42:41 [INFO ] Log - testFiltersOnProductsPage test is starting.
2025-01-17 18:43:06 [INFO ] Log - navigateToProductDetails test is starting.
2025-01-17 18:43:12 [INFO ] Log - verifyAddToCartButtonVisible test is starting.
2025-01-17 18:43:14 [INFO ] Log - selectAvailableSize test is starting.
2025-01-17 18:43:16 [INFO ] Log - clickAddToCart test is starting.
2025-01-17 18:43:18 [INFO ] Log - goToCart test is starting.
2025-01-17 18:43:26 [INFO ] Log - Browser is starting up...
2025-01-17 18:43:27 [INFO ] Log - Test is Starting...Lcw Test
2025-01-17 18:43:27 [INFO ] Log - Going to LC Waikiki website...
2025-01-17 18:43:30 [INFO ] Log - Browser window is maximized...
2025-01-17 18:43:30 [INFO ] Log - setupTest test is starting.
2025-01-17 18:43:31 [INFO ] Log - getLoginTest test is starting.
2025-01-17 18:43:33 [INFO ] Log - setHomePageTest test is starting.
2025-01-17 18:43:38 [INFO ] Log - testFiltersOnProductsPage test is starting.
2025-01-17 18:44:03 [INFO ] Log - navigateToProductDetails test is starting.
2025-01-17 18:44:09 [INFO ] Log - verifyAddToCartButtonVisible test is starting.
2025-01-17 18:44:11 [INFO ] Log - selectAvailableSize test is starting.
2025-01-17 18:44:13 [INFO ] Log - clickAddToCart test is starting.
2025-01-17 18:44:15 [INFO ] Log - goToCart test is starting.
2025-01-17 18:44:19 [INFO ] Log - Test is Ending...Lcw Test
2025-01-17 18:44:26 [INFO ] Log - Browser is starting up...
2025-01-17 18:44:27 [INFO ] Log - Test is Starting...Lcw Test
2025-01-17 18:44:27 [INFO ] Log - Going to LC Waikiki website...
2025-01-17 18:44:30 [INFO ] Log - Browser window is maximized...
2025-01-17 18:44:31 [INFO ] Log - setupTest test is starting.
2025-01-17 18:44:31 [INFO ] Log - getLoginTest test is starting.
2025-01-17 18:44:36 [INFO ] Log - setHomePageTest test is starting.
2025-01-17 18:44:39 [INFO ] Log - testFiltersOnProductsPage test is starting.
2025-01-17 18:45:05 [INFO ] Log - navigateToProductDetails test is starting.
2025-01-17 18:45:10 [INFO ] Log - verifyAddToCartButtonVisible test is starting.
2025-01-17 18:45:12 [INFO ] Log - selectAvailableSize test is starting.
2025-01-17 18:45:14 [INFO ] Log - clickAddToCart test is starting.
2025-01-17 18:45:16 [INFO ] Log - goToCart test is starting.
2025-01-17 18:45:20 [INFO ] Log - QuantityIncrement test is starting.
2025-01-17 18:45:36 [INFO ] Log - verifyCart test is starting.
2025-01-17 18:45:36 [INFO ] Log - addProductToFavorites test is starting.
2025-01-17 18:45:38 [INFO ] Log - navigateToFavoritesPage test is starting.
2025-01-17 18:45:41 [INFO ] Log - productExistsInFavorites test is starting.
2025-01-17 18:45:41 [INFO ] Log - Test is Ending...Lcw Test
2025-01-17 18:45:59 [INFO ] Log - Browser is starting up...
2025-01-17 18:46:00 [INFO ] Log - Test is Starting...Lcw Test
2025-01-17 18:46:00 [INFO ] Log - Going to LC Waikiki website...
2025-01-17 18:46:04 [INFO ] Log - Browser window is maximized...
2025-01-17 18:46:04 [INFO ] Log - setupTest test is starting.
2025-01-17 18:46:05 [INFO ] Log - getLoginTest test is starting.
2025-01-17 18:46:08 [INFO ] Log - setHomePageTest test is starting.
2025-01-17 18:46:16 [INFO ] Log - testFiltersOnProductsPage test is starting.
2025-01-17 18:46:41 [INFO ] Log - Browser is starting up...
2025-01-17 18:46:42 [INFO ] Log - Test is Starting...Lcw Test
2025-01-17 18:46:42 [INFO ] Log - Going to LC Waikiki website...
2025-01-17 18:46:47 [INFO ] Log - Browser window is maximized...
2025-01-17 18:46:48 [INFO ] Log - setupTest test is starting.
2025-01-17 18:46:48 [INFO ] Log - getLoginTest test is starting.
2025-01-17 18:47:27 [INFO ] Log - Browser is starting up...
2025-01-17 18:47:28 [INFO ] Log - Test is Starting...Lcw Test
2025-01-17 18:47:28 [INFO ] Log - Going to LC Waikiki website...
2025-01-17 18:47:31 [INFO ] Log - Browser window is maximized...
2025-01-17 18:47:41 [INFO ] Log - Browser is starting up...
2025-01-17 18:47:41 [INFO ] Log - Test is Starting...Lcw Test
2025-01-17 18:47:41 [INFO ] Log - Going to LC Waikiki website...
2025-01-17 18:47:45 [INFO ] Log - Browser window is maximized...
2025-01-17 18:47:45 [INFO ] Log - setupTest test is starting.
2025-01-17 18:47:45 [INFO ] Log - getLoginTest test is starting.
2025-01-17 18:47:48 [INFO ] Log - setHomePageTest test is starting.
2025-01-17 18:47:53 [INFO ] Log - testFiltersOnProductsPage test is starting.
2025-01-17 18:48:18 [INFO ] Log - navigateToProductDetails test is starting.
2025-01-17 18:48:23 [INFO ] Log - verifyAddToCartButtonVisible test is starting.
2025-01-17 18:48:25 [INFO ] Log - selectAvailableSize test is starting.
2025-01-17 18:48:28 [INFO ] Log - clickAddToCart test is starting.
2025-01-17 18:48:30 [INFO ] Log - goToCart test is starting.
2025-01-17 18:48:33 [INFO ] Log - QuantityIncrement test is starting.
2025-01-17 18:48:49 [INFO ] Log - verifyCart test is starting.
2025-01-17 18:48:49 [INFO ] Log - addProductToFavorites test is starting.
2025-01-17 18:48:51 [INFO ] Log - navigateToFavoritesPage test is starting.
2025-01-17 18:48:53 [INFO ] Log - productExistsInFavorites test is starting.
2025-01-17 18:48:53 [INFO ] Log - testProceedToCheckout test is starting.
2025-01-17 18:49:00 [INFO ] Log - Test is Ending...Lcw Test
2025-01-17 18:53:59 [INFO ] Log - Browser is starting up...
2025-01-17 18:54:02 [INFO ] Log - Test is Starting...Lcw Test
2025-01-17 18:54:02 [INFO ] Log - Going to LC Waikiki website...
2025-01-17 18:54:05 [INFO ] Log - Browser window is maximized...
2025-01-17 18:54:06 [INFO ] Log - setupTest test is starting.
2025-01-17 18:54:06 [INFO ] Log - testLogin test is starting.
2025-01-17 18:54:09 [INFO ] Log - Test is Ending...Lcw Test
2025-01-17 18:54:18 [INFO ] Log - Browser is starting up...
2025-01-17 18:54:19 [INFO ] Log - Test is Starting...Lcw Test
2025-01-17 18:54:19 [INFO ] Log - Going to LC Waikiki website...
2025-01-17 18:54:23 [INFO ] Log - Browser window is maximized...
2025-01-17 18:54:23 [INFO ] Log - setupTest test is starting.
2025-01-17 18:54:24 [INFO ] Log - getLoginTest test is starting.
2025-01-17 18:54:27 [INFO ] Log - setHomePageTest test is starting.
2025-01-17 18:54:31 [INFO ] Log - Test is Ending...Lcw Test
2025-01-17 18:54:53 [INFO ] Log - Browser is starting up...
2025-01-17 18:54:54 [INFO ] Log - Test is Starting...Lcw Test
2025-01-17 18:54:54 [INFO ] Log - Going to LC Waikiki website...
2025-01-17 18:54:56 [INFO ] Log - Browser window is maximized...
2025-01-17 18:54:56 [INFO ] Log - setupTest test is starting.
2025-01-17 18:54:56 [INFO ] Log - getLoginTest test is starting.
2025-01-17 18:55:13 [INFO ] Log - Browser is starting up...
2025-01-17 18:55:14 [INFO ] Log - Test is Starting...Lcw Test
2025-01-17 18:55:14 [INFO ] Log - Going to LC Waikiki website...
2025-01-17 18:55:14 [INFO ] Log - Browser window is maximized...
2025-01-17 18:55:18 [INFO ] Log - setupTest test is starting.
2025-01-17 18:55:18 [INFO ] Log - getLoginTest test is starting.
2025-01-17 18:55:21 [INFO ] Log - setHomePageTest test is starting.
2025-01-17 18:55:27 [INFO ] Log - testFiltersOnProductsPage test is starting.
2025-01-17 18:55:51 [INFO ] Log - navigateToProductDetails test is starting.
2025-01-17 18:55:57 [INFO ] Log - Test is Ending...Lcw Test
2025-01-17 18:56:14 [INFO ] Log - Browser is starting up...
2025-01-17 18:56:15 [INFO ] Log - Test is Starting...Lcw Test
2025-01-17 18:56:15 [INFO ] Log - Going to LC Waikiki website...
2025-01-17 18:56:18 [INFO ] Log - Browser window is maximized...
2025-01-17 18:56:19 [INFO ] Log - setupTest test is starting.
2025-01-17 18:56:19 [INFO ] Log - getLoginTest test is starting.
2025-01-17 18:56:21 [INFO ] Log - setHomePageTest test is starting.
2025-01-17 18:56:25 [INFO ] Log - testFiltersOnProductsPage test is starting.
2025-01-17 18:56:54 [INFO ] Log - Browser is starting up...
2025-01-17 18:56:55 [INFO ] Log - Test is Starting...Lcw Test
2025-01-17 18:56:55 [INFO ] Log - Going to LC Waikiki website...
2025-01-17 18:56:58 [INFO ] Log - Browser window is maximized...
2025-01-17 18:56:58 [INFO ] Log - setupTest test is starting.
2025-01-17 18:56:58 [INFO ] Log - getLoginTest test is starting.
2025-01-17 18:57:01 [INFO ] Log - setHomePageTest test is starting.
2025-01-17 18:57:04 [INFO ] Log - testFiltersOnProductsPage test is starting.
2025-01-17 18:57:29 [INFO ] Log - navigateToProductDetails test is starting.
2025-01-17 18:57:33 [INFO ] Log - verifyAddToCartButtonVisible test is starting.
2025-01-17 18:57:35 [INFO ] Log - selectAvailableSize test is starting.
2025-01-17 18:57:37 [INFO ] Log - clickAddToCart test is starting.
2025-01-17 18:57:39 [INFO ] Log - goToCart test is starting.
2025-01-17 18:57:43 [INFO ] Log - Test is Ending...Lcw Test
2025-01-17 18:58:13 [INFO ] Log - Browser is starting up...
2025-01-17 18:58:14 [INFO ] Log - Test is Starting...Lcw Test
2025-01-17 18:58:14 [INFO ] Log - Going to LC Waikiki website...
2025-01-17 18:58:17 [INFO ] Log - Browser window is maximized...
2025-01-17 18:58:18 [INFO ] Log - setupTest test is starting.
2025-01-17 18:58:18 [INFO ] Log - getLoginTest test is starting.
2025-01-17 18:58:21 [INFO ] Log - setHomePageTest test is starting.
2025-01-17 18:58:24 [INFO ] Log - testFiltersOnProductsPage test is starting.
2025-01-17 18:58:46 [INFO ] Log - Browser is starting up...
2025-01-17 18:58:47 [INFO ] Log - Test is Starting...Lcw Test
2025-01-17 18:58:47 [INFO ] Log - Going to LC Waikiki website...
2025-01-17 18:58:50 [INFO ] Log - Browser window is maximized...
2025-01-17 18:58:51 [INFO ] Log - setupTest test is starting.
2025-01-17 18:58:51 [INFO ] Log - getLoginTest test is starting.
2025-01-17 18:58:54 [INFO ] Log - setHomePageTest test is starting.
2025-01-17 18:58:58 [INFO ] Log - testFiltersOnProductsPage test is starting.
2025-01-17 18:59:23 [INFO ] Log - navigateToProductDetails test is starting.
2025-01-17 18:59:28 [INFO ] Log - verifyAddToCartButtonVisible test is starting.
2025-01-17 18:59:30 [INFO ] Log - selectAvailableSize test is starting.
2025-01-17 18:59:32 [INFO ] Log - clickAddToCart test is starting.
2025-01-17 18:59:35 [INFO ] Log - goToCart test is starting.
2025-01-17 18:59:39 [INFO ] Log - QuantityIncrement test is starting.
2025-01-17 18:59:55 [INFO ] Log - verifyCart test is starting.
2025-01-17 18:59:55 [INFO ] Log - addProductToFavorites test is starting.
2025-01-17 18:59:57 [INFO ] Log - navigateToFavoritesPage test is starting.
2025-01-17 19:00:00 [INFO ] Log - productExistsInFavorites test is starting.
2025-01-17 19:00:01 [INFO ] Log - Test is Ending...Lcw Test
2025-01-17 19:00:07 [INFO ] Log - Browser is starting up...
2025-01-17 19:00:08 [INFO ] Log - Test is Starting...Lcw Test
2025-01-17 19:00:08 [INFO ] Log - Going to LC Waikiki website...
2025-01-17 19:00:11 [INFO ] Log - Browser window is maximized...
2025-01-17 19:00:12 [INFO ] Log - setupTest test is starting.
2025-01-17 19:00:12 [INFO ] Log - getLoginTest test is starting.
2025-01-17 19:00:15 [INFO ] Log - setHomePageTest test is starting.
2025-01-17 19:00:19 [INFO ] Log - testFiltersOnProductsPage test is starting.
2025-01-17 19:00:49 [INFO ] Log - Browser is starting up...
2025-01-17 19:00:50 [INFO ] Log - Test is Starting...Lcw Test
2025-01-17 19:00:50 [INFO ] Log - Going to LC Waikiki website...
2025-01-17 19:00:53 [INFO ] Log - Browser window is maximized...
2025-01-17 19:00:53 [INFO ] Log - setupTest test is starting.
2025-01-17 19:00:53 [INFO ] Log - getLoginTest test is starting.
2025-01-17 19:00:56 [INFO ] Log - setHomePageTest test is starting.
2025-01-17 19:01:00 [INFO ] Log - testFiltersOnProductsPage test is starting.
2025-01-17 19:01:25 [INFO ] Log - navigateToProductDetails test is starting.
2025-01-17 19:01:30 [INFO ] Log - verifyAddToCartButtonVisible test is starting.
2025-01-17 19:01:32 [INFO ] Log - selectAvailableSize test is starting.
2025-01-17 19:01:34 [INFO ] Log - clickAddToCart test is starting.
2025-01-17 19:01:36 [INFO ] Log - goToCart test is starting.
2025-01-17 19:01:40 [INFO ] Log - QuantityIncrement test is starting.
2025-01-17 19:01:56 [INFO ] Log - verifyCart test is starting.
2025-01-17 19:01:56 [INFO ] Log - addProductToFavorites test is starting.
2025-01-17 19:01:58 [INFO ] Log - navigateToFavoritesPage test is starting.
2025-01-17 19:02:00 [INFO ] Log - productExistsInFavorites test is starting.
2025-01-17 19:02:00 [INFO ] Log - testProceedToCheckout test is starting.
2025-01-17 19:02:07 [INFO ] Log - Test is Ending...Lcw Test
2025-01-17 19:03:57 [INFO ] Log - Browser is starting up...
2025-01-17 19:03:58 [INFO ] Log - Test is Starting...Lcw Test
2025-01-17 19:03:58 [INFO ] Log - Going to LC Waikiki website...
2025-01-17 19:04:01 [INFO ] Log - Browser window is maximized...
2025-01-17 19:04:01 [INFO ] Log - setupTest test is starting.
2025-01-17 19:04:01 [INFO ] Log - getLoginTest test is starting.
2025-01-17 19:04:05 [INFO ] Log - setHomePageTest test is starting.
2025-01-17 19:04:10 [INFO ] Log - testFiltersOnProductsPage test is starting.
2025-01-17 19:04:43 [INFO ] Log - Browser is starting up...
2025-01-17 19:04:44 [INFO ] Log - Test is Starting...Lcw Test
2025-01-17 19:04:44 [INFO ] Log - Going to LC Waikiki website...
2025-01-17 19:04:46 [INFO ] Log - Browser window is maximized...
2025-01-17 19:04:47 [INFO ] Log - setupTest test is starting.
2025-01-17 19:04:47 [INFO ] Log - getLoginTest test is starting.
2025-01-17 19:04:49 [INFO ] Log - setHomePageTest test is starting.
2025-01-17 19:04:54 [INFO ] Log - testFiltersOnProductsPage test is starting.
2025-01-17 19:05:24 [INFO ] Log - Browser is starting up...
2025-01-17 19:05:25 [INFO ] Log - Test is Starting...Lcw Test
2025-01-17 19:05:25 [INFO ] Log - Going to LC Waikiki website...
2025-01-17 19:05:29 [INFO ] Log - Browser window is maximized...
2025-01-17 19:05:29 [INFO ] Log - setupTest test is starting.
2025-01-17 19:05:29 [INFO ] Log - getLoginTest test is starting.
2025-01-17 19:05:32 [INFO ] Log - setHomePageTest test is starting.
2025-01-17 19:05:36 [INFO ] Log - testFiltersOnProductsPage test is starting.
2025-01-17 19:06:05 [INFO ] Log - Browser is starting up...
2025-01-17 19:06:06 [INFO ] Log - Test is Starting...Lcw Test
2025-01-17 19:06:06 [INFO ] Log - Going to LC Waikiki website...
2025-01-17 19:06:13 [INFO ] Log - Browser window is maximized...
2025-01-17 19:06:14 [INFO ] Log - setupTest test is starting.
2025-01-17 19:06:14 [INFO ] Log - getLoginTest test is starting.
2025-01-17 19:06:18 [INFO ] Log - setHomePageTest test is starting.
2025-01-17 19:06:22 [INFO ] Log - testFiltersOnProductsPage test is starting.
2025-01-17 19:06:38 [INFO ] Log - Browser is starting up...
2025-01-17 19:06:39 [INFO ] Log - Test is Starting...Lcw Test
2025-01-17 19:06:39 [INFO ] Log - Going to LC Waikiki website...
2025-01-17 19:06:43 [INFO ] Log - Browser window is maximized...
2025-01-17 19:06:44 [INFO ] Log - setupTest test is starting.
2025-01-17 19:06:44 [INFO ] Log - getLoginTest test is starting.
2025-01-17 19:06:47 [INFO ] Log - setHomePageTest test is starting.
2025-01-17 19:06:52 [INFO ] Log - testFiltersOnProductsPage test is starting.
2025-01-17 19:07:32 [INFO ] Log - Browser is starting up...
2025-01-17 19:07:34 [INFO ] Log - Test is Starting...Lcw Test
2025-01-17 19:07:34 [INFO ] Log - Going to LC Waikiki website...
2025-01-17 19:07:42 [INFO ] Log - Browser window is maximized...
2025-01-17 19:07:42 [INFO ] Log - setupTest test is starting.
2025-01-17 19:07:43 [INFO ] Log - getLoginTest test is starting.
2025-01-17 19:07:46 [INFO ] Log - setHomePageTest test is starting.
2025-01-17 19:07:50 [INFO ] Log - testFiltersOnProductsPage test is starting.
2025-01-17 19:08:14 [INFO ] Log - navigateToProductDetails test is starting.
2025-01-17 19:08:20 [INFO ] Log - verifyAddToCartButtonVisible test is starting.
2025-01-17 19:08:22 [INFO ] Log - selectAvailableSize test is starting.
2025-01-17 19:08:24 [INFO ] Log - clickAddToCart test is starting.
2025-01-17 19:08:26 [INFO ] Log - goToCart test is starting.
2025-01-17 19:08:30 [INFO ] Log - QuantityIncrement test is starting.
2025-01-17 19:08:46 [INFO ] Log - verifyCart test is starting.
2025-01-17 19:08:46 [INFO ] Log - addProductToFavorites test is starting.
2025-01-17 19:08:48 [INFO ] Log - navigateToFavoritesPage test is starting.
2025-01-17 19:08:50 [INFO ] Log - productExistsInFavorites test is starting.
2025-01-17 19:08:50 [INFO ] Log - testProceedToCheckout test is starting.
2025-01-17 19:08:55 [INFO ] Log - Test is Ending...Lcw Test
2025-01-17 19:16:35 [INFO ] Log - Browser is starting up...
2025-01-17 19:16:36 [INFO ] Log - Test is Starting...Lcw Test
2025-01-17 19:16:36 [INFO ] Log - Going to LC Waikiki website...
2025-01-17 19:16:38 [INFO ] Log - Browser window is maximized...
2025-01-17 19:16:39 [INFO ] Log - setupTest test is starting.
2025-01-17 19:16:39 [INFO ] Log - getLoginTest test is starting.
2025-01-17 19:16:42 [INFO ] Log - setHomePageTest test is starting.
2025-01-17 19:16:49 [INFO ] Log - testFiltersOnProductsPage test is starting.
2025-01-17 19:17:14 [INFO ] Log - navigateToProductDetails test is starting.
2025-01-17 19:17:19 [INFO ] Log - verifyAddToCartButtonVisible test is starting.
2025-01-17 19:17:21 [INFO ] Log - selectAvailableSize test is starting.
2025-01-17 19:17:23 [INFO ] Log - clickAddToCart test is starting.
2025-01-17 19:17:25 [INFO ] Log - goToCart test is starting.
2025-01-17 19:17:28 [INFO ] Log - QuantityIncrement test is starting.
2025-01-17 19:17:38 [INFO ] Log - verifyCart test is starting.
2025-01-17 19:17:38 [INFO ] Log - addProductToFavorites test is starting.
2025-01-17 19:17:40 [INFO ] Log - navigateToFavoritesPage test is starting.
2025-01-17 19:17:42 [INFO ] Log - productExistsInFavorites test is starting.
2025-01-17 19:17:42 [INFO ] Log - testProceedToCheckout test is starting.
2025-01-17 19:17:46 [INFO ] Log - Test is Ending...Lcw Test
2025-01-18 13:44:15 [INFO ] Log - Browser is starting up...
2025-01-18 13:44:18 [INFO ] Log - Test is Starting...Lcw Test
2025-01-18 13:44:18 [INFO ] Log - Going to LC Waikiki website...
2025-01-18 13:44:28 [INFO ] Log - Browser window is maximized...
2025-01-18 13:44:28 [INFO ] Log - setupTest test is starting.
2025-01-18 13:44:28 [INFO ] Log - getLoginTest test is starting.
2025-01-18 13:44:33 [INFO ] Log - setHomePageTest test is starting.
2025-01-18 13:44:38 [INFO ] Log - testFiltersOnProductsPage test is starting.
2025-01-18 13:44:54 [INFO ] Log - Browser is starting up...
2025-01-18 13:44:55 [INFO ] Log - Test is Starting...Lcw Test
2025-01-18 13:44:55 [INFO ] Log - Going to LC Waikiki website...
2025-01-18 13:44:59 [INFO ] Log - Browser window is maximized...
2025-01-18 13:44:59 [INFO ] Log - setupTest test is starting.
2025-01-18 13:44:59 [INFO ] Log - getLoginTest test is starting.
2025-01-18 13:45:02 [INFO ] Log - setHomePageTest test is starting.
2025-01-18 13:45:07 [INFO ] Log - testFiltersOnProductsPage test is starting.
2025-01-18 13:45:32 [INFO ] Log - navigateToProductDetails test is starting.
2025-01-18 13:45:38 [INFO ] Log - verifyAddToCartButtonVisible test is starting.
2025-01-18 13:45:40 [INFO ] Log - selectAvailableSize test is starting.
2025-01-18 13:45:42 [INFO ] Log - clickAddToCart test is starting.
2025-01-18 13:45:44 [INFO ] Log - goToCart test is starting.
2025-01-18 13:45:47 [INFO ] Log - QuantityIncrement test is starting.
2025-01-18 13:45:57 [INFO ] Log - verifyCart test is starting.
2025-01-18 13:45:57 [INFO ] Log - addProductToFavorites test is starting.
2025-01-18 13:45:59 [INFO ] Log - navigateToFavoritesPage test is starting.
2025-01-18 13:46:02 [INFO ] Log - productExistsInFavorites test is starting.
2025-01-18 13:46:02 [INFO ] Log - testProceedToCheckout test is starting.
2025-01-18 13:46:07 [INFO ] Log - Test is Ending...Lcw Test
2025-01-18 13:48:23 [INFO ] Log - Browser is starting up...
2025-01-18 13:48:24 [INFO ] Log - Test is Starting...Lcw Test
2025-01-18 13:48:24 [INFO ] Log - Going to LC Waikiki website...
2025-01-18 13:48:33 [INFO ] Log - Browser window is maximized...
2025-01-18 13:48:33 [INFO ] Log - setupTest test is starting.
2025-01-18 13:48:33 [INFO ] Log - getLoginTest test is starting.
2025-01-18 13:48:38 [INFO ] Log - setHomePageTest test is starting.
2025-01-18 13:48:45 [INFO ] Log - testFiltersOnProductsPage test is starting.
2025-01-18 13:49:10 [INFO ] Log - navigateToProductDetails test is starting.
2025-01-18 13:49:19 [INFO ] Log - verifyAddToCartButtonVisible test is starting.
2025-01-18 13:49:21 [INFO ] Log - selectAvailableSize test is starting.
2025-01-18 13:49:23 [INFO ] Log - clickAddToCart test is starting.
2025-01-18 13:49:25 [INFO ] Log - goToCart test is starting.
2025-01-18 13:49:30 [INFO ] Log - QuantityIncrement test is starting.
2025-01-18 13:49:40 [INFO ] Log - verifyCart test is starting.
2025-01-18 13:49:41 [INFO ] Log - addProductToFavorites test is starting.
2025-01-18 13:49:43 [INFO ] Log - navigateToFavoritesPage test is starting.
2025-01-18 13:49:47 [INFO ] Log - productExistsInFavorites test is starting.
2025-01-18 16:41:58 [INFO ] Log - Browser is starting up...
2025-01-18 16:42:00 [INFO ] Log - Test is Starting...Lcw Test
2025-01-18 16:42:00 [INFO ] Log - Going to LC Waikiki website...
2025-01-18 16:42:03 [INFO ] Log - Browser window is maximized...
2025-01-18 16:42:03 [INFO ] Log - setupTest test is starting.
2025-01-18 16:42:03 [INFO ] Log - getLoginTest test is starting.
2025-01-18 16:42:06 [INFO ] Log - setHomePageTest test is starting.
2025-01-18 16:42:07 [INFO ] Log - testFiltersOnProductsPage test is starting.
2025-01-18 16:42:32 [INFO ] Log - navigateToProductDetails test is starting.
2025-01-18 16:42:38 [INFO ] Log - verifyAddToCartButtonVisible test is starting.
2025-01-18 16:42:40 [INFO ] Log - selectAvailableSize test is starting.
2025-01-18 16:42:42 [INFO ] Log - clickAddToCart test is starting.
2025-01-18 16:42:44 [INFO ] Log - goToCart test is starting.
2025-01-18 16:42:49 [INFO ] Log - QuantityIncrement test is starting.
2025-01-18 16:42:59 [INFO ] Log - verifyCart test is starting.
2025-01-18 16:42:59 [INFO ] Log - addProductToFavorites test is starting.
2025-01-18 16:43:01 [INFO ] Log - navigateToFavoritesPage test is starting.
2025-01-18 16:43:03 [INFO ] Log - productExistsInFavorites test is starting.
2025-01-18 16:43:03 [INFO ] Log - testProceedToCheckout test is starting.
2025-01-18 16:43:07 [INFO ] Log - Test is Ending...Lcw Test
